<?xml version="1.0" encoding="UTF-8"?>
<robot generator="Robot 7.2.2 (Python 3.11.9 on win32)" generated="2025-05-28T00:53:49.623732" rpa="false" schemaversion="5">
<suite id="s1" name="TC001 swagLabs Login  Faill &amp; TC002 swagLabs Login Successfull &amp; TC003 swagLabs ValidateSwagText">
<suite id="s1-s1" name="TC001 swagLabs Login  Faill" source="D:\cacpl-automation-ebi\testCases\TC001_swagLabs_Login _Faill.robot">
<test id="s1-s1-t1" name="TC001_swagLabs_Login_Fail_chrome" line="38">
<kw name="TC001_swagLabs_Login_Fail_Template">
<kw name="Log" owner="BuiltIn">
<msg time="2025-05-28T00:53:49.849372" level="INFO">Action1 : Login to orangeHrm application</msg>
<arg>Action1 : Login to orangeHrm application</arg>
<doc>Logs the given message with the given level.</doc>
<status status="PASS" start="2025-05-28T00:53:49.848394" elapsed="0.000978"/>
</kw>
<kw name="swagLabsLogin" owner="swagLabs">
<kw name="Log To Console" owner="BuiltIn">
<arg>Login into orangeHrm application</arg>
<doc>Logs the given message to the console.</doc>
<status status="PASS" start="2025-05-28T00:53:49.850349" elapsed="0.000000"/>
</kw>
<kw name="Open Browser" owner="SeleniumLibrary">
<msg time="2025-05-28T00:53:49.851325" level="INFO">Opening browser 'chrome' to base url 'https://www.saucedemo.com/'.</msg>
<arg>${swagLabsUrl}</arg>
<arg>${browserChrome}</arg>
<doc>Opens a new browser instance to the optional ``url``.</doc>
<status status="PASS" start="2025-05-28T00:53:49.851325" elapsed="1.681800"/>
</kw>
<kw name="Sleep" owner="BuiltIn">
<msg time="2025-05-28T00:54:01.534216" level="INFO">Slept 10 seconds.</msg>
<arg>${waitTime}</arg>
<doc>Pauses the test executed for the given time.</doc>
<status status="PASS" start="2025-05-28T00:53:51.534105" elapsed="10.000111"/>
</kw>
<kw name="Input Text" owner="SeleniumLibrary">
<msg time="2025-05-28T00:54:01.535750" level="INFO">Typing text 'Bad' into text field 'user-name'.</msg>
<arg>${swagLabsUserNameLocator}</arg>
<arg>${swagLabsUserName}</arg>
<doc>Types the given ``text`` into the text field identified by ``locator``.</doc>
<status status="PASS" start="2025-05-28T00:54:01.534216" elapsed="0.070193"/>
</kw>
<kw name="Input Text" owner="SeleniumLibrary">
<msg time="2025-05-28T00:54:01.605387" level="INFO">Typing text 'credentials' into text field 'password'.</msg>
<arg>${swagLabsPasswordLocator}</arg>
<arg>${swagLabsPassword}</arg>
<doc>Types the given ``text`` into the text field identified by ``locator``.</doc>
<status status="PASS" start="2025-05-28T00:54:01.604409" elapsed="0.052477"/>
</kw>
<kw name="Click Button" owner="SeleniumLibrary">
<msg time="2025-05-28T00:54:01.657860" level="INFO">Clicking button 'login-button'.</msg>
<arg>${swagLabsSubmitButtonLocator}</arg>
<doc>Clicks the button identified by ``locator``.</doc>
<status status="PASS" start="2025-05-28T00:54:01.656886" elapsed="0.049553"/>
</kw>
<arg>swagLabsUrl=${swagLabsUrl}</arg>
<arg>swagLabsUserName=${swagUserNameInvalid}</arg>
<arg>swagLabsPassword=${swagPasswordInvalid}</arg>
<doc>This keyword is used for login purpose to orange hrm website</doc>
<status status="PASS" start="2025-05-28T00:53:49.849372" elapsed="11.858043"/>
</kw>
<kw name="Log" owner="BuiltIn">
<msg time="2025-05-28T00:54:01.708392" level="INFO">Result1 : Login to orangeHrm application should fail</msg>
<arg>Result1 : Login to orangeHrm application should fail</arg>
<doc>Logs the given message with the given level.</doc>
<status status="PASS" start="2025-05-28T00:54:01.707415" elapsed="0.000977"/>
</kw>
<kw name="Log" owner="BuiltIn">
<msg time="2025-05-28T00:54:01.708392" level="INFO">Action2 : Validate Invalid text on screen</msg>
<arg>Action2 : Validate Invalid text on screen</arg>
<doc>Logs the given message with the given level.</doc>
<status status="PASS" start="2025-05-28T00:54:01.708392" elapsed="0.000000"/>
</kw>
<kw name="Sleep" owner="BuiltIn">
<msg time="2025-05-28T00:54:11.709806" level="INFO">Slept 10 seconds.</msg>
<arg>${waitTime}</arg>
<doc>Pauses the test executed for the given time.</doc>
<status status="PASS" start="2025-05-28T00:54:01.708392" elapsed="10.001414"/>
</kw>
<kw name="swagLabsValidateInvalidText" owner="swagLabs">
<kw name="Page Should Contain" owner="SeleniumLibrary">
<msg time="2025-05-28T00:54:11.722076" level="INFO">Current page contains text 'Epic sadface: Username and password do not match any user in this service'.</msg>
<arg>${textForValidation}</arg>
<doc>Verifies that current page contains ``text``.</doc>
<status status="PASS" start="2025-05-28T00:54:11.710788" elapsed="0.011288"/>
</kw>
<arg>textForValidation=${swagInvalidCredentials}</arg>
<doc>This keyword will validate invalid text on login page</doc>
<status status="PASS" start="2025-05-28T00:54:11.709806" elapsed="0.012270"/>
</kw>
<kw name="Log" owner="BuiltIn">
<msg time="2025-05-28T00:54:11.723053" level="INFO">Result2 : Validate invalid text on screen successfull</msg>
<arg>Result2 : Validate invalid text on screen successfull</arg>
<doc>Logs the given message with the given level.</doc>
<status status="PASS" start="2025-05-28T00:54:11.723053" elapsed="0.000000"/>
</kw>
<arg>defaultBrowsers=chrome</arg>
<doc>This keyword will login into orangeHrm</doc>
<status status="PASS" start="2025-05-28T00:53:49.847409" elapsed="21.875644"/>
</kw>
<tag>Fail</tag>
<tag>Login</tag>
<tag>regression</tag>
<tag>swag</tag>
<timeout value="1 minute"/>
<status status="PASS" start="2025-05-28T00:53:49.845904" elapsed="21.878129"/>
</test>
<test id="s1-s1-t2" name="TC001_swagLabs_Login_Fail_firefox" line="38">
<kw name="TC001_swagLabs_Login_Fail_Template">
<kw name="Log" owner="BuiltIn">
<msg time="2025-05-28T00:54:11.725981" level="INFO">Action1 : Login to orangeHrm application</msg>
<arg>Action1 : Login to orangeHrm application</arg>
<doc>Logs the given message with the given level.</doc>
<status status="PASS" start="2025-05-28T00:54:11.725011" elapsed="0.000970"/>
</kw>
<kw name="swagLabsLogin" owner="swagLabs">
<kw name="Log To Console" owner="BuiltIn">
<arg>Login into orangeHrm application</arg>
<doc>Logs the given message to the console.</doc>
<status status="PASS" start="2025-05-28T00:54:11.725981" elapsed="0.000980"/>
</kw>
<kw name="Open Browser" owner="SeleniumLibrary">
<msg time="2025-05-28T00:54:11.726961" level="INFO">Opening browser 'chrome' to base url 'https://www.saucedemo.com/'.</msg>
<arg>${swagLabsUrl}</arg>
<arg>${browserChrome}</arg>
<doc>Opens a new browser instance to the optional ``url``.</doc>
<status status="PASS" start="2025-05-28T00:54:11.726961" elapsed="1.720799"/>
</kw>
<kw name="Sleep" owner="BuiltIn">
<msg time="2025-05-28T00:54:23.449328" level="INFO">Slept 10 seconds.</msg>
<arg>${waitTime}</arg>
<doc>Pauses the test executed for the given time.</doc>
<status status="PASS" start="2025-05-28T00:54:13.447760" elapsed="10.001568"/>
</kw>
<kw name="Input Text" owner="SeleniumLibrary">
<msg time="2025-05-28T00:54:23.450319" level="INFO">Typing text 'Bad' into text field 'user-name'.</msg>
<arg>${swagLabsUserNameLocator}</arg>
<arg>${swagLabsUserName}</arg>
<doc>Types the given ``text`` into the text field identified by ``locator``.</doc>
<status status="PASS" start="2025-05-28T00:54:23.449328" elapsed="0.073604"/>
</kw>
<kw name="Input Text" owner="SeleniumLibrary">
<msg time="2025-05-28T00:54:23.523911" level="INFO">Typing text 'credentials' into text field 'password'.</msg>
<arg>${swagLabsPasswordLocator}</arg>
<arg>${swagLabsPassword}</arg>
<doc>Types the given ``text`` into the text field identified by ``locator``.</doc>
<status status="PASS" start="2025-05-28T00:54:23.522932" elapsed="0.075224"/>
</kw>
<kw name="Click Button" owner="SeleniumLibrary">
<msg time="2025-05-28T00:54:23.599131" level="INFO">Clicking button 'login-button'.</msg>
<arg>${swagLabsSubmitButtonLocator}</arg>
<doc>Clicks the button identified by ``locator``.</doc>
<status status="PASS" start="2025-05-28T00:54:23.598156" elapsed="0.051501"/>
</kw>
<arg>swagLabsUrl=${swagLabsUrl}</arg>
<arg>swagLabsUserName=${swagUserNameInvalid}</arg>
<arg>swagLabsPassword=${swagPasswordInvalid}</arg>
<doc>This keyword is used for login purpose to orange hrm website</doc>
<status status="PASS" start="2025-05-28T00:54:11.725981" elapsed="11.924655"/>
</kw>
<kw name="Log" owner="BuiltIn">
<msg time="2025-05-28T00:54:23.650636" level="INFO">Result1 : Login to orangeHrm application should fail</msg>
<arg>Result1 : Login to orangeHrm application should fail</arg>
<doc>Logs the given message with the given level.</doc>
<status status="PASS" start="2025-05-28T00:54:23.650636" elapsed="0.000974"/>
</kw>
<kw name="Log" owner="BuiltIn">
<msg time="2025-05-28T00:54:23.651610" level="INFO">Action2 : Validate Invalid text on screen</msg>
<arg>Action2 : Validate Invalid text on screen</arg>
<doc>Logs the given message with the given level.</doc>
<status status="PASS" start="2025-05-28T00:54:23.651610" elapsed="0.000000"/>
</kw>
<kw name="Sleep" owner="BuiltIn">
<msg time="2025-05-28T00:54:33.652883" level="INFO">Slept 10 seconds.</msg>
<arg>${waitTime}</arg>
<doc>Pauses the test executed for the given time.</doc>
<status status="PASS" start="2025-05-28T00:54:23.651610" elapsed="10.001273"/>
</kw>
<kw name="swagLabsValidateInvalidText" owner="swagLabs">
<kw name="Page Should Contain" owner="SeleniumLibrary">
<msg time="2025-05-28T00:54:33.664168" level="INFO">Current page contains text 'Epic sadface: Username and password do not match any user in this service'.</msg>
<arg>${textForValidation}</arg>
<doc>Verifies that current page contains ``text``.</doc>
<status status="PASS" start="2025-05-28T00:54:33.653867" elapsed="0.010301"/>
</kw>
<arg>textForValidation=${swagInvalidCredentials}</arg>
<doc>This keyword will validate invalid text on login page</doc>
<status status="PASS" start="2025-05-28T00:54:33.652883" elapsed="0.011285"/>
</kw>
<kw name="Log" owner="BuiltIn">
<msg time="2025-05-28T00:54:33.664168" level="INFO">Result2 : Validate invalid text on screen successfull</msg>
<arg>Result2 : Validate invalid text on screen successfull</arg>
<doc>Logs the given message with the given level.</doc>
<status status="PASS" start="2025-05-28T00:54:33.664168" elapsed="0.000977"/>
</kw>
<arg>defaultBrowsers=firefox</arg>
<doc>This keyword will login into orangeHrm</doc>
<status status="PASS" start="2025-05-28T00:54:11.725011" elapsed="21.940134"/>
</kw>
<tag>Fail</tag>
<tag>Login</tag>
<tag>regression</tag>
<tag>swag</tag>
<timeout value="1 minute"/>
<status status="PASS" start="2025-05-28T00:54:11.724033" elapsed="21.941112"/>
</test>
<doc>TC001_swagLabs_Login_Fail</doc>
<meta name="1) Test Description">The test case is used to login into swagLabs application and fail</meta>
<meta name="2) Prerequisites">None</meta>
<meta name="3) Test Steps">The following test steps will be executed by this test case:

Action1 :  Login to swagLabs application

Result1 :  Login to swagLabs application fail


Action2 : Validate Invalid text on screen

Result2 : Validate invalid text on screen successfull

</meta>
<meta name="4) Test Case ID">TC001</meta>
<meta name="5) Version">1.0</meta>
<meta name="6) Author">Robot Framework</meta>
<meta name="7) Approver Robot Framework"/>
<meta name="8) Modified">2025-05-18</meta>
<meta name="9) Comments"/>
<status status="PASS" start="2025-05-28T00:53:49.648247" elapsed="44.016898"/>
</suite>
<suite id="s1-s2" name="TC002 swagLabs Login Successfull" source="D:\cacpl-automation-ebi\testCases\TC002_swagLabs_Login_Successfull.robot">
<test id="s1-s2-t1" name="TC002_swagLabs_Login_Successfull_chrome" line="35">
<kw name="TC002_swagLabs_Login_Successfull_Template">
<kw name="Log" owner="BuiltIn">
<msg time="2025-05-28T00:54:33.679896" level="INFO">Action1 : Login to swagLabs application</msg>
<arg>Action1 : Login to swagLabs application</arg>
<doc>Logs the given message with the given level.</doc>
<status status="PASS" start="2025-05-28T00:54:33.679896" elapsed="0.000000"/>
</kw>
<kw name="swagLabsLogin" owner="swagLabs">
<kw name="Log To Console" owner="BuiltIn">
<arg>Login into orangeHrm application</arg>
<doc>Logs the given message to the console.</doc>
<status status="PASS" start="2025-05-28T00:54:33.680871" elapsed="0.000974"/>
</kw>
<kw name="Open Browser" owner="SeleniumLibrary">
<msg time="2025-05-28T00:54:33.681845" level="INFO">Opening browser 'chrome' to base url 'https://www.saucedemo.com/'.</msg>
<arg>${swagLabsUrl}</arg>
<arg>${browserChrome}</arg>
<doc>Opens a new browser instance to the optional ``url``.</doc>
<status status="PASS" start="2025-05-28T00:54:33.681845" elapsed="1.659114"/>
</kw>
<kw name="Sleep" owner="BuiltIn">
<msg time="2025-05-28T00:54:45.342311" level="INFO">Slept 10 seconds.</msg>
<arg>${waitTime}</arg>
<doc>Pauses the test executed for the given time.</doc>
<status status="PASS" start="2025-05-28T00:54:35.340959" elapsed="10.001352"/>
</kw>
<kw name="Input Text" owner="SeleniumLibrary">
<msg time="2025-05-28T00:54:45.343293" level="INFO">Typing text 'standard_user' into text field 'user-name'.</msg>
<arg>${swagLabsUserNameLocator}</arg>
<arg>${swagLabsUserName}</arg>
<doc>Types the given ``text`` into the text field identified by ``locator``.</doc>
<status status="PASS" start="2025-05-28T00:54:45.342311" elapsed="0.114058"/>
</kw>
<kw name="Input Text" owner="SeleniumLibrary">
<msg time="2025-05-28T00:54:45.457343" level="INFO">Typing text 'secret_sauce' into text field 'password'.</msg>
<arg>${swagLabsPasswordLocator}</arg>
<arg>${swagLabsPassword}</arg>
<doc>Types the given ``text`` into the text field identified by ``locator``.</doc>
<status status="PASS" start="2025-05-28T00:54:45.456369" elapsed="0.089145"/>
</kw>
<kw name="Click Button" owner="SeleniumLibrary">
<msg time="2025-05-28T00:54:45.547021" level="INFO">Clicking button 'login-button'.</msg>
<arg>${swagLabsSubmitButtonLocator}</arg>
<doc>Clicks the button identified by ``locator``.</doc>
<status status="PASS" start="2025-05-28T00:54:45.545514" elapsed="0.092692"/>
</kw>
<arg>swagLabsUrl=${swagLabsUrl}</arg>
<arg>swagLabsUserName=${swagUserName}</arg>
<arg>swagLabsPassword=${swagPassword}</arg>
<doc>This keyword is used for login purpose to orange hrm website</doc>
<status status="PASS" start="2025-05-28T00:54:33.679896" elapsed="11.958310"/>
</kw>
<kw name="Log" owner="BuiltIn">
<msg time="2025-05-28T00:54:45.639715" level="INFO">Result1 : Login to swagLabs application successfully</msg>
<arg>Result1 : Login to swagLabs application successfully</arg>
<doc>Logs the given message with the given level.</doc>
<status status="PASS" start="2025-05-28T00:54:45.638206" elapsed="0.001509"/>
</kw>
<kw name="Sleep" owner="BuiltIn">
<msg time="2025-05-28T00:55:00.641142" level="INFO">Slept 15 seconds.</msg>
<arg>15s</arg>
<doc>Pauses the test executed for the given time.</doc>
<status status="PASS" start="2025-05-28T00:54:45.640701" elapsed="15.000441"/>
</kw>
<arg>defaultBrowsers=chrome</arg>
<doc>This keyword will login into swagLabs</doc>
<status status="PASS" start="2025-05-28T00:54:33.678915" elapsed="26.962227"/>
</kw>
<doc>This test case will login into swagLabs application successfully.</doc>
<tag>Login</tag>
<tag>regression</tag>
<tag>Successfull</tag>
<tag>swag</tag>
<timeout value="1 minute"/>
<status status="PASS" start="2025-05-28T00:54:33.677942" elapsed="26.964184"/>
</test>
<test id="s1-s2-t2" name="TC002_swagLabs_Login_Successfull_firefox" line="35">
<kw name="TC002_swagLabs_Login_Successfull_Template">
<kw name="Log" owner="BuiltIn">
<msg time="2025-05-28T00:55:00.659296" level="INFO">Action1 : Login to swagLabs application</msg>
<arg>Action1 : Login to swagLabs application</arg>
<doc>Logs the given message with the given level.</doc>
<status status="PASS" start="2025-05-28T00:55:00.645054" elapsed="0.014242"/>
</kw>
<kw name="swagLabsLogin" owner="swagLabs">
<kw name="Log To Console" owner="BuiltIn">
<arg>Login into orangeHrm application</arg>
<doc>Logs the given message to the console.</doc>
<status status="PASS" start="2025-05-28T00:55:00.660273" elapsed="0.000975"/>
</kw>
<kw name="Open Browser" owner="SeleniumLibrary">
<msg time="2025-05-28T00:55:00.662226" level="INFO">Opening browser 'chrome' to base url 'https://www.saucedemo.com/'.</msg>
<arg>${swagLabsUrl}</arg>
<arg>${browserChrome}</arg>
<doc>Opens a new browser instance to the optional ``url``.</doc>
<status status="PASS" start="2025-05-28T00:55:00.661248" elapsed="1.665560"/>
</kw>
<kw name="Sleep" owner="BuiltIn">
<msg time="2025-05-28T00:55:12.329005" level="INFO">Slept 10 seconds.</msg>
<arg>${waitTime}</arg>
<doc>Pauses the test executed for the given time.</doc>
<status status="PASS" start="2025-05-28T00:55:02.327786" elapsed="10.001219"/>
</kw>
<kw name="Input Text" owner="SeleniumLibrary">
<msg time="2025-05-28T00:55:12.329988" level="INFO">Typing text 'standard_user' into text field 'user-name'.</msg>
<arg>${swagLabsUserNameLocator}</arg>
<arg>${swagLabsUserName}</arg>
<doc>Types the given ``text`` into the text field identified by ``locator``.</doc>
<status status="PASS" start="2025-05-28T00:55:12.329005" elapsed="0.153075"/>
</kw>
<kw name="Input Text" owner="SeleniumLibrary">
<msg time="2025-05-28T00:55:12.483050" level="INFO">Typing text 'secret_sauce' into text field 'password'.</msg>
<arg>${swagLabsPasswordLocator}</arg>
<arg>${swagLabsPassword}</arg>
<doc>Types the given ``text`` into the text field identified by ``locator``.</doc>
<status status="PASS" start="2025-05-28T00:55:12.482080" elapsed="0.088815"/>
</kw>
<kw name="Click Button" owner="SeleniumLibrary">
<msg time="2025-05-28T00:55:12.571871" level="INFO">Clicking button 'login-button'.</msg>
<arg>${swagLabsSubmitButtonLocator}</arg>
<doc>Clicks the button identified by ``locator``.</doc>
<status status="PASS" start="2025-05-28T00:55:12.570895" elapsed="0.090735"/>
</kw>
<arg>swagLabsUrl=${swagLabsUrl}</arg>
<arg>swagLabsUserName=${swagUserName}</arg>
<arg>swagLabsPassword=${swagPassword}</arg>
<doc>This keyword is used for login purpose to orange hrm website</doc>
<status status="PASS" start="2025-05-28T00:55:00.659296" elapsed="12.002334"/>
</kw>
<kw name="Log" owner="BuiltIn">
<msg time="2025-05-28T00:55:12.662611" level="INFO">Result1 : Login to swagLabs application successfully</msg>
<arg>Result1 : Login to swagLabs application successfully</arg>
<doc>Logs the given message with the given level.</doc>
<status status="PASS" start="2025-05-28T00:55:12.662611" elapsed="0.000977"/>
</kw>
<kw name="Sleep" owner="BuiltIn">
<msg time="2025-05-28T00:55:27.664845" level="INFO">Slept 15 seconds.</msg>
<arg>15s</arg>
<doc>Pauses the test executed for the given time.</doc>
<status status="PASS" start="2025-05-28T00:55:12.663588" elapsed="15.001257"/>
</kw>
<arg>defaultBrowsers=firefox</arg>
<doc>This keyword will login into swagLabs</doc>
<status status="PASS" start="2025-05-28T00:55:00.645054" elapsed="27.019791"/>
</kw>
<doc>This test case will login into swagLabs application successfully.</doc>
<tag>Login</tag>
<tag>regression</tag>
<tag>Successfull</tag>
<tag>swag</tag>
<timeout value="1 minute"/>
<status status="PASS" start="2025-05-28T00:55:00.642126" elapsed="27.023704"/>
</test>
<doc>TC002_swagLabs_Login_Successfull</doc>
<meta name="1) Test Description">The test case is used to login into swagLabs application successfully.</meta>
<meta name="2) Prerequisites">None</meta>
<meta name="3) Test Steps">The following test steps will be executed by this test case:

Action1 :  Login to swagLabs application

Result1 :  Login to swagLabs application successfully

</meta>
<meta name="4) Test Case ID">TC001</meta>
<meta name="5) Version">1.0</meta>
<meta name="6) Author">Robot Framework</meta>
<meta name="7) Approver Robot Framework"/>
<meta name="8) Modified">2025-05-19</meta>
<meta name="9) Comments"/>
<status status="PASS" start="2025-05-28T00:54:33.665145" elapsed="54.000685"/>
</suite>
<suite id="s1-s3" name="TC003 swagLabs ValidateSwagText" source="D:\cacpl-automation-ebi\testCases\TC003_swagLabs_ValidateSwagText.robot">
<test id="s1-s3-t1" name="TC003_swagLabs_ValidateSwagText_chrome" line="42">
<kw name="TC003_swagLabs_ValidateSwagText">
<kw name="Log" owner="BuiltIn">
<msg time="2025-05-28T00:55:27.685469" level="INFO">Action1 : Login to SwagLabs application</msg>
<arg>Action1 : Login to SwagLabs application</arg>
<doc>Logs the given message with the given level.</doc>
<status status="PASS" start="2025-05-28T00:55:27.684495" elapsed="0.000974"/>
</kw>
<kw name="swagLabsLogin" owner="swagLabs">
<kw name="Log To Console" owner="BuiltIn">
<arg>Login into orangeHrm application</arg>
<doc>Logs the given message to the console.</doc>
<status status="PASS" start="2025-05-28T00:55:27.685469" elapsed="0.000000"/>
</kw>
<kw name="Open Browser" owner="SeleniumLibrary">
<msg time="2025-05-28T00:55:27.686446" level="INFO">Opening browser 'chrome' to base url 'https://www.saucedemo.com/'.</msg>
<arg>${swagLabsUrl}</arg>
<arg>${browserChrome}</arg>
<doc>Opens a new browser instance to the optional ``url``.</doc>
<status status="PASS" start="2025-05-28T00:55:27.686446" elapsed="1.678031"/>
</kw>
<kw name="Sleep" owner="BuiltIn">
<msg time="2025-05-28T00:55:39.366604" level="INFO">Slept 10 seconds.</msg>
<arg>${waitTime}</arg>
<doc>Pauses the test executed for the given time.</doc>
<status status="PASS" start="2025-05-28T00:55:29.365453" elapsed="10.001151"/>
</kw>
<kw name="Input Text" owner="SeleniumLibrary">
<msg time="2025-05-28T00:55:39.368106" level="INFO">Typing text 'standard_user' into text field 'user-name'.</msg>
<arg>${swagLabsUserNameLocator}</arg>
<arg>${swagLabsUserName}</arg>
<doc>Types the given ``text`` into the text field identified by ``locator``.</doc>
<status status="PASS" start="2025-05-28T00:55:39.367122" elapsed="0.095799"/>
</kw>
<kw name="Input Text" owner="SeleniumLibrary">
<msg time="2025-05-28T00:55:39.463896" level="INFO">Typing text 'secret_sauce' into text field 'password'.</msg>
<arg>${swagLabsPasswordLocator}</arg>
<arg>${swagLabsPassword}</arg>
<doc>Types the given ``text`` into the text field identified by ``locator``.</doc>
<status status="PASS" start="2025-05-28T00:55:39.462921" elapsed="0.062769"/>
</kw>
<kw name="Click Button" owner="SeleniumLibrary">
<msg time="2025-05-28T00:55:39.526676" level="INFO">Clicking button 'login-button'.</msg>
<arg>${swagLabsSubmitButtonLocator}</arg>
<doc>Clicks the button identified by ``locator``.</doc>
<status status="PASS" start="2025-05-28T00:55:39.526676" elapsed="0.071117"/>
</kw>
<arg>swagLabsUrl=${swagLabsUrl}</arg>
<arg>swagLabsUserName=${swagUserName}</arg>
<arg>swagLabsPassword=${swagPassword}</arg>
<doc>This keyword is used for login purpose to orange hrm website</doc>
<status status="PASS" start="2025-05-28T00:55:27.685469" elapsed="11.912324"/>
</kw>
<kw name="Log" owner="BuiltIn">
<msg time="2025-05-28T00:55:39.598769" level="INFO">Result1 : Login to SwagLabs application successfull</msg>
<arg>Result1 : Login to SwagLabs application successfull</arg>
<doc>Logs the given message with the given level.</doc>
<status status="PASS" start="2025-05-28T00:55:39.598769" elapsed="0.000978"/>
</kw>
<kw name="Log" owner="BuiltIn">
<msg time="2025-05-28T00:55:39.599747" level="INFO">Action2 : Validate SwagLabs text on screen</msg>
<arg>Action2 : Validate SwagLabs text on screen</arg>
<doc>Logs the given message with the given level.</doc>
<status status="PASS" start="2025-05-28T00:55:39.599747" elapsed="0.000000"/>
</kw>
<kw name="Sleep" owner="BuiltIn">
<msg time="2025-05-28T00:55:49.601350" level="INFO">Slept 10 seconds.</msg>
<arg>${waitTime}</arg>
<doc>Pauses the test executed for the given time.</doc>
<status status="PASS" start="2025-05-28T00:55:39.600723" elapsed="10.000627"/>
</kw>
<kw name="swagLabsValidateTextOnScreen" owner="swagLabs">
<kw name="Page Should Contain" owner="SeleniumLibrary">
<msg time="2025-05-28T00:55:49.614081" level="INFO">Current page contains text 'Swag Labs'.</msg>
<arg>${textForValidation}</arg>
<doc>Verifies that current page contains ``text``.</doc>
<status status="PASS" start="2025-05-28T00:55:49.602339" elapsed="0.011742"/>
</kw>
<arg>textForValidation=${textSwagLabs}</arg>
<doc>This keyword will validate text on landing page</doc>
<status status="PASS" start="2025-05-28T00:55:49.601350" elapsed="0.012731"/>
</kw>
<kw name="Log" owner="BuiltIn">
<msg time="2025-05-28T00:55:49.614081" level="INFO">Result2 : Validated SwagLabs text on screen successfull</msg>
<arg>Result2 : Validated SwagLabs text on screen successfull</arg>
<doc>Logs the given message with the given level.</doc>
<status status="PASS" start="2025-05-28T00:55:49.614081" elapsed="0.000000"/>
</kw>
<arg>defaultBrowsers=chrome</arg>
<doc>This keyword will login into SwagLabs</doc>
<status status="PASS" start="2025-05-28T00:55:27.684495" elapsed="21.931090"/>
</kw>
<doc>This test case will login into SwagLabs application and validate the text on screen.</doc>
<tag>Login</tag>
<tag>regression</tag>
<tag>swag</tag>
<tag>swagLabs</tag>
<tag>UserManagement</tag>
<timeout value="1 minute"/>
<status status="PASS" start="2025-05-28T00:55:27.682541" elapsed="21.933044"/>
</test>
<test id="s1-s3-t2" name="TC003_swagLabs_ValidateSwagText_firefox" line="42">
<kw name="TC003_swagLabs_ValidateSwagText">
<kw name="Log" owner="BuiltIn">
<msg time="2025-05-28T00:55:49.617546" level="INFO">Action1 : Login to SwagLabs application</msg>
<arg>Action1 : Login to SwagLabs application</arg>
<doc>Logs the given message with the given level.</doc>
<status status="PASS" start="2025-05-28T00:55:49.616566" elapsed="0.000980"/>
</kw>
<kw name="swagLabsLogin" owner="swagLabs">
<kw name="Log To Console" owner="BuiltIn">
<arg>Login into orangeHrm application</arg>
<doc>Logs the given message to the console.</doc>
<status status="PASS" start="2025-05-28T00:55:49.617546" elapsed="0.001004"/>
</kw>
<kw name="Open Browser" owner="SeleniumLibrary">
<msg time="2025-05-28T00:55:49.618550" level="INFO">Opening browser 'chrome' to base url 'https://www.saucedemo.com/'.</msg>
<arg>${swagLabsUrl}</arg>
<arg>${browserChrome}</arg>
<doc>Opens a new browser instance to the optional ``url``.</doc>
<status status="PASS" start="2025-05-28T00:55:49.618550" elapsed="1.744889"/>
</kw>
<kw name="Sleep" owner="BuiltIn">
<msg time="2025-05-28T00:56:01.364810" level="INFO">Slept 10 seconds.</msg>
<arg>${waitTime}</arg>
<doc>Pauses the test executed for the given time.</doc>
<status status="PASS" start="2025-05-28T00:55:51.363439" elapsed="10.001371"/>
</kw>
<kw name="Input Text" owner="SeleniumLibrary">
<msg time="2025-05-28T00:56:01.365795" level="INFO">Typing text 'standard_user' into text field 'user-name'.</msg>
<arg>${swagLabsUserNameLocator}</arg>
<arg>${swagLabsUserName}</arg>
<doc>Types the given ``text`` into the text field identified by ``locator``.</doc>
<status status="PASS" start="2025-05-28T00:56:01.364810" elapsed="0.085333"/>
</kw>
<kw name="Input Text" owner="SeleniumLibrary">
<msg time="2025-05-28T00:56:01.451648" level="INFO">Typing text 'secret_sauce' into text field 'password'.</msg>
<arg>${swagLabsPasswordLocator}</arg>
<arg>${swagLabsPassword}</arg>
<doc>Types the given ``text`` into the text field identified by ``locator``.</doc>
<status status="PASS" start="2025-05-28T00:56:01.450143" elapsed="0.065303"/>
</kw>
<kw name="Click Button" owner="SeleniumLibrary">
<msg time="2025-05-28T00:56:01.516423" level="INFO">Clicking button 'login-button'.</msg>
<arg>${swagLabsSubmitButtonLocator}</arg>
<doc>Clicks the button identified by ``locator``.</doc>
<status status="PASS" start="2025-05-28T00:56:01.515446" elapsed="0.074041"/>
</kw>
<arg>swagLabsUrl=${swagLabsUrl}</arg>
<arg>swagLabsUserName=${swagUserName}</arg>
<arg>swagLabsPassword=${swagPassword}</arg>
<doc>This keyword is used for login purpose to orange hrm website</doc>
<status status="PASS" start="2025-05-28T00:55:49.617546" elapsed="11.971941"/>
</kw>
<kw name="Log" owner="BuiltIn">
<msg time="2025-05-28T00:56:01.590464" level="INFO">Result1 : Login to SwagLabs application successfull</msg>
<arg>Result1 : Login to SwagLabs application successfull</arg>
<doc>Logs the given message with the given level.</doc>
<status status="PASS" start="2025-05-28T00:56:01.589487" elapsed="0.000977"/>
</kw>
<kw name="Log" owner="BuiltIn">
<msg time="2025-05-28T00:56:01.591440" level="INFO">Action2 : Validate SwagLabs text on screen</msg>
<arg>Action2 : Validate SwagLabs text on screen</arg>
<doc>Logs the given message with the given level.</doc>
<status status="PASS" start="2025-05-28T00:56:01.590464" elapsed="0.000976"/>
</kw>
<kw name="Sleep" owner="BuiltIn">
<msg time="2025-05-28T00:56:11.592931" level="INFO">Slept 10 seconds.</msg>
<arg>${waitTime}</arg>
<doc>Pauses the test executed for the given time.</doc>
<status status="PASS" start="2025-05-28T00:56:01.591440" elapsed="10.001491"/>
</kw>
<kw name="swagLabsValidateTextOnScreen" owner="swagLabs">
<kw name="Page Should Contain" owner="SeleniumLibrary">
<msg time="2025-05-28T00:56:11.604207" level="INFO">Current page contains text 'Swag Labs'.</msg>
<arg>${textForValidation}</arg>
<doc>Verifies that current page contains ``text``.</doc>
<status status="PASS" start="2025-05-28T00:56:11.593919" elapsed="0.010288"/>
</kw>
<arg>textForValidation=${textSwagLabs}</arg>
<doc>This keyword will validate text on landing page</doc>
<status status="PASS" start="2025-05-28T00:56:11.592931" elapsed="0.011276"/>
</kw>
<kw name="Log" owner="BuiltIn">
<msg time="2025-05-28T00:56:11.604207" level="INFO">Result2 : Validated SwagLabs text on screen successfull</msg>
<arg>Result2 : Validated SwagLabs text on screen successfull</arg>
<doc>Logs the given message with the given level.</doc>
<status status="PASS" start="2025-05-28T00:56:11.604207" elapsed="0.000000"/>
</kw>
<arg>defaultBrowsers=firefox</arg>
<doc>This keyword will login into SwagLabs</doc>
<status status="PASS" start="2025-05-28T00:55:49.616566" elapsed="21.988618"/>
</kw>
<doc>This test case will login into SwagLabs application and validate the text on screen.</doc>
<tag>Login</tag>
<tag>regression</tag>
<tag>swag</tag>
<tag>swagLabs</tag>
<tag>UserManagement</tag>
<timeout value="1 minute"/>
<status status="PASS" start="2025-05-28T00:55:49.615585" elapsed="21.989599"/>
</test>
<doc>TC003_swagLabs_ValidateSwagText</doc>
<meta name="1) Test Description">The test case is used to login into SwagLabs application</meta>
<meta name="2) Prerequisites">None</meta>
<meta name="3) Test Steps">The following test steps will be executed by this test case:

Action1 :  Login to swagLabs application

Result1 :  Login to swagLabs application successfull


Action2 :  Validate swagLabs text on screen

Result2 :  Validated swagLabs text on screen successfull

</meta>
<meta name="4) Test Case ID">TC003</meta>
<meta name="5) Version">1.0</meta>
<meta name="6) Author">Robot Framework</meta>
<meta name="7) Approver Robot Framework"/>
<meta name="8) Modified">2025-05-21</meta>
<meta name="9) Comments"/>
<status status="PASS" start="2025-05-28T00:55:27.667782" elapsed="43.937402"/>
</suite>
<status status="PASS" start="2025-05-28T00:53:49.625685" elapsed="141.980482"/>
</suite>
<statistics>
<total>
<stat pass="6" fail="0" skip="0">All Tests</stat>
</total>
<tag>
<stat pass="2" fail="0" skip="0">Fail</stat>
<stat pass="6" fail="0" skip="0">Login</stat>
<stat pass="6" fail="0" skip="0">regression</stat>
<stat pass="2" fail="0" skip="0">Successfull</stat>
<stat pass="6" fail="0" skip="0">swag</stat>
<stat pass="2" fail="0" skip="0">swagLabs</stat>
<stat pass="2" fail="0" skip="0">UserManagement</stat>
</tag>
<suite>
<stat name="TC001 swagLabs Login  Faill &amp; TC002 swagLabs Login Successfull &amp; TC003 swagLabs ValidateSwagText" id="s1" pass="6" fail="0" skip="0">TC001 swagLabs Login  Faill &amp; TC002 swagLabs Login Successfull &amp; TC003 swagLabs ValidateSwagText</stat>
<stat name="TC001 swagLabs Login  Faill" id="s1-s1" pass="2" fail="0" skip="0">TC001 swagLabs Login  Faill &amp; TC002 swagLabs Login Successfull &amp; TC003 swagLabs ValidateSwagText.TC001 swagLabs Login  Faill</stat>
<stat name="TC002 swagLabs Login Successfull" id="s1-s2" pass="2" fail="0" skip="0">TC001 swagLabs Login  Faill &amp; TC002 swagLabs Login Successfull &amp; TC003 swagLabs ValidateSwagText.TC002 swagLabs Login Successfull</stat>
<stat name="TC003 swagLabs ValidateSwagText" id="s1-s3" pass="2" fail="0" skip="0">TC001 swagLabs Login  Faill &amp; TC002 swagLabs Login Successfull &amp; TC003 swagLabs ValidateSwagText.TC003 swagLabs ValidateSwagText</stat>
</suite>
</statistics>
<errors>
</errors>
</robot>
